<?xml version="1.0" encoding="UTF-8"?>
<testsuites name="jest tests" tests="1" failures="0" errors="0" time="0.785">
  <testsuite name="services\encryption.test.js" errors="0" failures="0" skipped="0" timestamp="2022-03-01T04:33:31" time="0.49" tests="1">
    <testcase classname="Encryption Tests Testing hashing" name="Encryption Tests Testing hashing" time="0.004">
    </testcase>
  </testsuite>
</testsuites>